Using pre-set license
Built from '2021.3/staging' branch; Version is '2021.3.10f1 (1c7d0df0160b) revision 1867021'; Using compiler version '192829333'; Build Type 'Release'
OS: 'Windows 10  (10.0.19044) 64bit Enterprise' Language: 'ru' Physical Memory: 16321 MB
BatchMode: 1, IsHumanControllingUs: 0, StartBugReporterOnCrash: 0, Is64bit: 1, IsPro: 1

COMMAND LINE ARGUMENTS:
E:\Programs\Programming\UnityHub\Unity Editor\2021.3.10f1\Editor\Unity.exe
-adb2
-batchMode
-noUpm
-name
AssetImportWorker0
-projectPath
E:/Programs/Programming/Projects/Unity/ArcanoidFull/UnityArcanoid2D
-logFile
Logs/AssetImportWorker0.log
-srvPort
54316
Successfully changed project path to: E:/Programs/Programming/Projects/Unity/ArcanoidFull/UnityArcanoid2D
E:/Programs/Programming/Projects/Unity/ArcanoidFull/UnityArcanoid2D
[UnityMemory] Configuration Parameters - Can be set up in boot.config
    "memorysetup-bucket-allocator-granularity=16"
    "memorysetup-bucket-allocator-bucket-count=8"
    "memorysetup-bucket-allocator-block-size=33554432"
    "memorysetup-bucket-allocator-block-count=8"
    "memorysetup-main-allocator-block-size=16777216"
    "memorysetup-thread-allocator-block-size=16777216"
    "memorysetup-gfx-main-allocator-block-size=16777216"
    "memorysetup-gfx-thread-allocator-block-size=16777216"
    "memorysetup-cache-allocator-block-size=4194304"
    "memorysetup-typetree-allocator-block-size=2097152"
    "memorysetup-profiler-bucket-allocator-granularity=16"
    "memorysetup-profiler-bucket-allocator-bucket-count=8"
    "memorysetup-profiler-bucket-allocator-block-size=33554432"
    "memorysetup-profiler-bucket-allocator-block-count=8"
    "memorysetup-profiler-allocator-block-size=16777216"
    "memorysetup-profiler-editor-allocator-block-size=1048576"
    "memorysetup-temp-allocator-size-main=16777216"
    "memorysetup-job-temp-allocator-block-size=2097152"
    "memorysetup-job-temp-allocator-block-size-background=1048576"
    "memorysetup-job-temp-allocator-reduction-small-platforms=262144"
    "memorysetup-temp-allocator-size-background-worker=32768"
    "memorysetup-temp-allocator-size-job-worker=262144"
    "memorysetup-temp-allocator-size-preload-manager=33554432"
    "memorysetup-temp-allocator-size-nav-mesh-worker=65536"
    "memorysetup-temp-allocator-size-audio-worker=65536"
    "memorysetup-temp-allocator-size-cloud-worker=32768"
    "memorysetup-temp-allocator-size-gi-baking-worker=262144"
    "memorysetup-temp-allocator-size-gfx=262144"
Refreshing native plugins compatible for Editor in 139.09 ms, found 4 plugins.
Preloading 0 native plugins for Editor in 0.00 ms.
Initialize engine version: 2021.3.10f1 (1c7d0df0160b)
[Subsystems] Discovering subsystems at path E:/Programs/Programming/UnityHub/Unity Editor/2021.3.10f1/Editor/Data/Resources/UnitySubsystems
[Subsystems] Discovering subsystems at path E:/Programs/Programming/Projects/Unity/ArcanoidFull/UnityArcanoid2D/Assets
GfxDevice: creating device client; threaded=0; jobified=0
Direct3D:
    Version:  Direct3D 11.0 [level 11.1]
    Renderer: NVIDIA GeForce GTX 950 (ID=0x1402)
    Vendor:   NVIDIA
    VRAM:     2007 MB
    Driver:   30.0.15.1215
Initialize mono
Mono path[0] = 'E:/Programs/Programming/UnityHub/Unity Editor/2021.3.10f1/Editor/Data/Managed'
Mono path[1] = 'E:/Programs/Programming/UnityHub/Unity Editor/2021.3.10f1/Editor/Data/MonoBleedingEdge/lib/mono/unityjit-win32'
Mono config path = 'E:/Programs/Programming/UnityHub/Unity Editor/2021.3.10f1/Editor/Data/MonoBleedingEdge/etc'
Using monoOptions --debugger-agent=transport=dt_socket,embedding=1,server=y,suspend=n,address=127.0.0.1:56068
Begin MonoManager ReloadAssembly
Registering precompiled unity dll's ...
Register platform support module: E:/Programs/Programming/UnityHub/Unity Editor/2021.3.10f1/Editor/Data/PlaybackEngines/WindowsStandaloneSupport/UnityEditor.WindowsStandalone.Extensions.dll
Register platform support module: E:/Programs/Programming/UnityHub/Unity Editor/2021.3.10f1/Editor/Data/PlaybackEngines/MetroSupport/UnityEditor.UWP.Extensions.dll
Registered in 0.006106 seconds.
Native extension for UWP target not found
Native extension for WindowsStandalone target not found
Refreshing native plugins compatible for Editor in 142.79 ms, found 4 plugins.
Preloading 0 native plugins for Editor in 0.00 ms.
Mono: successfully reloaded assembly
- Completed reload, in  0.917 seconds
Domain Reload Profiling:
	ReloadAssembly (917ms)
		BeginReloadAssembly (99ms)
			ExecutionOrderSort (0ms)
			DisableScriptedObjects (0ms)
			BackupInstance (0ms)
			ReleaseScriptingObjects (0ms)
			CreateAndSetChildDomain (1ms)
		EndReloadAssembly (666ms)
			LoadAssemblies (100ms)
			RebuildTransferFunctionScriptingTraits (0ms)
			SetupTypeCache (143ms)
			ReleaseScriptCaches (0ms)
			RebuildScriptCaches (40ms)
			SetupLoadedEditorAssemblies (417ms)
				LogAssemblyErrors (0ms)
				InitializePlatformSupportModulesInManaged (10ms)
				SetLoadedEditorAssemblies (0ms)
				RefreshPlugins (143ms)
				BeforeProcessingInitializeOnLoad (2ms)
				ProcessInitializeOnLoadAttributes (190ms)
				ProcessInitializeOnLoadMethodAttributes (71ms)
				AfterProcessingInitializeOnLoad (0ms)
				EditorAssembliesLoaded (0ms)
			ExecutionOrderSort2 (0ms)
			AwakeInstancesAfterBackupRestoration (0ms)
Platform modules already initialized, skipping
Registering precompiled user dll's ...
Registered in 0.008195 seconds.
Begin MonoManager ReloadAssembly
Symbol file LoadedFromMemory doesn't match image E:\Programs\Programming\Projects\Unity\ArcanoidFull\UnityArcanoid2D\Library\PackageCache\com.unity.visualscripting@1.7.8\Editor\VisualScripting.Core\Dependencies\YamlDotNet\Unity.VisualScripting.YamlDotNet.dll
Symbol file LoadedFromMemory doesn't match image E:\Programs\Programming\Projects\Unity\ArcanoidFull\UnityArcanoid2D\Library\PackageCache\com.unity.visualscripting@1.7.8\Editor\VisualScripting.Core\Dependencies\DotNetZip\Unity.VisualScripting.IonicZip.dll
Native extension for UWP target not found
Native extension for WindowsStandalone target not found
Refreshing native plugins compatible for Editor in 123.38 ms, found 4 plugins.
Preloading 0 native plugins for Editor in 0.00 ms.
Mono: successfully reloaded assembly
- Completed reload, in  1.688 seconds
Domain Reload Profiling:
	ReloadAssembly (1690ms)
		BeginReloadAssembly (161ms)
			ExecutionOrderSort (0ms)
			DisableScriptedObjects (11ms)
			BackupInstance (0ms)
			ReleaseScriptingObjects (0ms)
			CreateAndSetChildDomain (26ms)
		EndReloadAssembly (1355ms)
			LoadAssemblies (134ms)
			RebuildTransferFunctionScriptingTraits (0ms)
			SetupTypeCache (356ms)
			ReleaseScriptCaches (1ms)
			RebuildScriptCaches (80ms)
			SetupLoadedEditorAssemblies (712ms)
				LogAssemblyErrors (0ms)
				InitializePlatformSupportModulesInManaged (7ms)
				SetLoadedEditorAssemblies (0ms)
				RefreshPlugins (123ms)
				BeforeProcessingInitializeOnLoad (133ms)
				ProcessInitializeOnLoadAttributes (374ms)
				ProcessInitializeOnLoadMethodAttributes (68ms)
				AfterProcessingInitializeOnLoad (5ms)
				EditorAssembliesLoaded (0ms)
			ExecutionOrderSort2 (0ms)
			AwakeInstancesAfterBackupRestoration (11ms)
Platform modules already initialized, skipping
========================================================================
Worker process is ready to serve import requests
Launched and connected shader compiler UnityShaderCompiler.exe after 0.06 seconds
Refreshing native plugins compatible for Editor in 0.86 ms, found 4 plugins.
Preloading 0 native plugins for Editor in 0.00 ms.
Unloading 4072 Unused Serialized files (Serialized files now loaded: 0)
Unloading 43 unused Assets / (203.0 KB). Loaded Objects now: 4524.
Memory consumption went from 151.6 MB to 151.4 MB.
Total: 3.980000 ms (FindLiveObjects: 0.353700 ms CreateObjectMapping: 0.304900 ms MarkObjects: 3.129900 ms  DeleteObjects: 0.190300 ms)

AssetImportParameters requested are different than current active one (requested -> active):
  custom:video-decoder-ogg-theora: a1e56fd34408186e4bbccfd4996cb3dc -> 
  custom:container-muxer-webm: aa71ff27fc2769a1b78a27578f13a17b -> 
  custom:container-demuxer-webm: 4f35f7cbe854078d1ac9338744f61a02 -> 
  custom:video-encoder-webm-vp8: eb34c28f22e8b96e1ab97ce403110664 -> 
  custom:video-codec-MediaFoundation-h265: 746d11721c4dcdbdad8f713fa42b33f4 -> 
  custom:audio-encoder-webm-vorbis: bf7c407c2cedff20999df2af8eb42d56 -> 
  custom:framework-win-MediaFoundation: 216162199b28c13a410421893ffa2e32 -> 
  custom:container-demuxer-ogg: 62fdf1f143b41e24485cea50d1cbac27 -> 
  custom:video-decoder-webm-vp8: 9c59270c3fd7afecdb556c50c9e8de78 -> 
  custom:audio-decoder-ogg-vorbis: bf7c407c2cedff20999df2af8eb42d56 -> 
========================================================================
Received Import Request.
  Time since last request: 638692.281005 seconds.
  path: Assets/Prefabs/Green Block.prefab
  artifactKey: Guid(95094d3801b29f74f98cc76f9a50d441) Importer(815301076,1909f56bfc062723c751e8b465ee728b)
Start importing Assets/Prefabs/Green Block.prefab using Guid(95094d3801b29f74f98cc76f9a50d441) Importer(815301076,1909f56bfc062723c751e8b465ee728b)  -> (artifact id: '3bf955482a0a0e76d882e8b81f844982') in 0.245133 seconds 
========================================================================
Received Import Request.
  Time since last request: 7.689693 seconds.
  path: Assets/Prefabs/Green Block.prefab
  artifactKey: Guid(95094d3801b29f74f98cc76f9a50d441) Importer(815301076,1909f56bfc062723c751e8b465ee728b)
Start importing Assets/Prefabs/Green Block.prefab using Guid(95094d3801b29f74f98cc76f9a50d441) Importer(815301076,1909f56bfc062723c751e8b465ee728b)  -> (artifact id: '0dc2fc9430e976844bdf57c5ab354fb4') in 0.018574 seconds 
========================================================================
Received Import Request.
  Time since last request: 24.120829 seconds.
  path: Assets/Prefabs/Green Block.prefab
  artifactKey: Guid(95094d3801b29f74f98cc76f9a50d441) Importer(815301076,1909f56bfc062723c751e8b465ee728b)
Start importing Assets/Prefabs/Green Block.prefab using Guid(95094d3801b29f74f98cc76f9a50d441) Importer(815301076,1909f56bfc062723c751e8b465ee728b)  -> (artifact id: '1c0ce72a7370f75a2bc27d950d8b5045') in 0.019011 seconds 
========================================================================
Received Import Request.
  Time since last request: 1.789082 seconds.
  path: Assets/Prefabs/Green Block.prefab
  artifactKey: Guid(95094d3801b29f74f98cc76f9a50d441) Importer(815301076,1909f56bfc062723c751e8b465ee728b)
Start importing Assets/Prefabs/Green Block.prefab using Guid(95094d3801b29f74f98cc76f9a50d441) Importer(815301076,1909f56bfc062723c751e8b465ee728b)  -> (artifact id: '3998247c5020af91552e2f4a286ef1e7') in 0.016143 seconds 
========================================================================
Received Import Request.
  Time since last request: 11.137960 seconds.
  path: Assets/Prefabs/Green Block.prefab
  artifactKey: Guid(95094d3801b29f74f98cc76f9a50d441) Importer(815301076,1909f56bfc062723c751e8b465ee728b)
Start importing Assets/Prefabs/Green Block.prefab using Guid(95094d3801b29f74f98cc76f9a50d441) Importer(815301076,1909f56bfc062723c751e8b465ee728b)  -> (artifact id: '4d329488ac76a8b984af31958b063877') in 0.052286 seconds 
========================================================================
Received Import Request.
  Time since last request: 19.768449 seconds.
  path: Assets/Prefabs/Red Block.prefab
  artifactKey: Guid(cbef175b996782445b407499975bf842) Importer(815301076,1909f56bfc062723c751e8b465ee728b)
Start importing Assets/Prefabs/Red Block.prefab using Guid(cbef175b996782445b407499975bf842) Importer(815301076,1909f56bfc062723c751e8b465ee728b)  -> (artifact id: '5dd1206af27889e7eaa605d4eadbd06e') in 0.018582 seconds 
========================================================================
Received Import Request.
  Time since last request: 3.987821 seconds.
  path: Assets/Prefabs/Red Block.prefab
  artifactKey: Guid(cbef175b996782445b407499975bf842) Importer(815301076,1909f56bfc062723c751e8b465ee728b)
Start importing Assets/Prefabs/Red Block.prefab using Guid(cbef175b996782445b407499975bf842) Importer(815301076,1909f56bfc062723c751e8b465ee728b)  -> (artifact id: 'a677271a2f7be46d8f1c71abe1744927') in 0.017846 seconds 
========================================================================
Received Import Request.
  Time since last request: 1.788723 seconds.
  path: Assets/Prefabs/Red Block.prefab
  artifactKey: Guid(cbef175b996782445b407499975bf842) Importer(815301076,1909f56bfc062723c751e8b465ee728b)
Start importing Assets/Prefabs/Red Block.prefab using Guid(cbef175b996782445b407499975bf842) Importer(815301076,1909f56bfc062723c751e8b465ee728b)  -> (artifact id: 'a215a7b969fc395602608562cb1783a2') in 0.015417 seconds 
========================================================================
Received Import Request.
  Time since last request: 13.949956 seconds.
  path: Assets/Prefabs/Blue Block.prefab
  artifactKey: Guid(15d399c469b2103498fb033dded1923c) Importer(815301076,1909f56bfc062723c751e8b465ee728b)
Start importing Assets/Prefabs/Blue Block.prefab using Guid(15d399c469b2103498fb033dded1923c) Importer(815301076,1909f56bfc062723c751e8b465ee728b)  -> (artifact id: 'ef2fa81f5c2617499c644370a62dee9e') in 0.016683 seconds 
========================================================================
Received Import Request.
  Time since last request: 3.498426 seconds.
  path: Assets/Prefabs/Blue Block.prefab
  artifactKey: Guid(15d399c469b2103498fb033dded1923c) Importer(815301076,1909f56bfc062723c751e8b465ee728b)
Start importing Assets/Prefabs/Blue Block.prefab using Guid(15d399c469b2103498fb033dded1923c) Importer(815301076,1909f56bfc062723c751e8b465ee728b)  -> (artifact id: 'dd13279711e904ffcd50f6351de312f6') in 0.017586 seconds 
========================================================================
Received Import Request.
  Time since last request: 5.864064 seconds.
  path: Assets/Prefabs/Blue Block.prefab
  artifactKey: Guid(15d399c469b2103498fb033dded1923c) Importer(815301076,1909f56bfc062723c751e8b465ee728b)
Start importing Assets/Prefabs/Blue Block.prefab using Guid(15d399c469b2103498fb033dded1923c) Importer(815301076,1909f56bfc062723c751e8b465ee728b)  -> (artifact id: '244e40cf85876ea25f209f17ca9e25a1') in 0.016973 seconds 
========================================================================
Received Import Request.
  Time since last request: 1.193242 seconds.
  path: Assets/Prefabs/Blue Block.prefab
  artifactKey: Guid(15d399c469b2103498fb033dded1923c) Importer(815301076,1909f56bfc062723c751e8b465ee728b)
Start importing Assets/Prefabs/Blue Block.prefab using Guid(15d399c469b2103498fb033dded1923c) Importer(815301076,1909f56bfc062723c751e8b465ee728b)  -> (artifact id: '06ee0a00f5d49adc841843aae5826956') in 0.014945 seconds 
========================================================================
Received Import Request.
  Time since last request: 5.435683 seconds.
  path: Assets/Prefabs/Blue Block.prefab
  artifactKey: Guid(15d399c469b2103498fb033dded1923c) Importer(815301076,1909f56bfc062723c751e8b465ee728b)
Start importing Assets/Prefabs/Blue Block.prefab using Guid(15d399c469b2103498fb033dded1923c) Importer(815301076,1909f56bfc062723c751e8b465ee728b)  -> (artifact id: 'e2632fc41bdf80cd95bbf2d9cab4658b') in 0.016364 seconds 
========================================================================
Received Import Request.
  Time since last request: 16.715935 seconds.
  path: Assets/Prefabs/Blue Block.prefab
  artifactKey: Guid(15d399c469b2103498fb033dded1923c) Importer(815301076,1909f56bfc062723c751e8b465ee728b)
Start importing Assets/Prefabs/Blue Block.prefab using Guid(15d399c469b2103498fb033dded1923c) Importer(815301076,1909f56bfc062723c751e8b465ee728b)  -> (artifact id: '567e6f5fa3671a659833d16a7dc5b833') in 0.017213 seconds 
========================================================================
Received Import Request.
  Time since last request: 4.274743 seconds.
  path: Assets/Prefabs/Blue Block.prefab
  artifactKey: Guid(15d399c469b2103498fb033dded1923c) Importer(815301076,1909f56bfc062723c751e8b465ee728b)
Start importing Assets/Prefabs/Blue Block.prefab using Guid(15d399c469b2103498fb033dded1923c) Importer(815301076,1909f56bfc062723c751e8b465ee728b)  -> (artifact id: 'eed2f191075a4d80a3a02be12c030806') in 0.018852 seconds 
========================================================================
Received Import Request.
  Time since last request: 5.663536 seconds.
  path: Assets/Prefabs/Blue Block.prefab
  artifactKey: Guid(15d399c469b2103498fb033dded1923c) Importer(815301076,1909f56bfc062723c751e8b465ee728b)
Start importing Assets/Prefabs/Blue Block.prefab using Guid(15d399c469b2103498fb033dded1923c) Importer(815301076,1909f56bfc062723c751e8b465ee728b)  -> (artifact id: 'c8a4bf198e6f9a7bd2ed769ca2485ddc') in 0.015105 seconds 
========================================================================
Received Import Request.
  Time since last request: 28.294260 seconds.
  path: Assets/Prefabs/Blue Block.prefab
  artifactKey: Guid(15d399c469b2103498fb033dded1923c) Importer(815301076,1909f56bfc062723c751e8b465ee728b)
Start importing Assets/Prefabs/Blue Block.prefab using Guid(15d399c469b2103498fb033dded1923c) Importer(815301076,1909f56bfc062723c751e8b465ee728b)  -> (artifact id: '468a960ad642aa2f52fcfdaccfbab2c6') in 0.016077 seconds 
========================================================================
Received Import Request.
  Time since last request: 10.929899 seconds.
  path: Assets/Prefabs/Blue Block.prefab
  artifactKey: Guid(15d399c469b2103498fb033dded1923c) Importer(815301076,1909f56bfc062723c751e8b465ee728b)
Start importing Assets/Prefabs/Blue Block.prefab using Guid(15d399c469b2103498fb033dded1923c) Importer(815301076,1909f56bfc062723c751e8b465ee728b)  -> (artifact id: '7369bac0be2afd580583e62cee6065ae') in 0.018036 seconds 
========================================================================
Received Import Request.
  Time since last request: 32.086806 seconds.
  path: Assets/Prefabs/Blue Block.prefab
  artifactKey: Guid(15d399c469b2103498fb033dded1923c) Importer(815301076,1909f56bfc062723c751e8b465ee728b)
Start importing Assets/Prefabs/Blue Block.prefab using Guid(15d399c469b2103498fb033dded1923c) Importer(815301076,1909f56bfc062723c751e8b465ee728b)  -> (artifact id: 'b2ad51f5cc9137dbf3b3725179c6f7d6') in 0.015729 seconds 
========================================================================
Received Import Request.
  Time since last request: 33.244587 seconds.
  path: Assets/Prefabs/Blue Block.prefab
  artifactKey: Guid(15d399c469b2103498fb033dded1923c) Importer(815301076,1909f56bfc062723c751e8b465ee728b)
Start importing Assets/Prefabs/Blue Block.prefab using Guid(15d399c469b2103498fb033dded1923c) Importer(815301076,1909f56bfc062723c751e8b465ee728b)  -> (artifact id: '60b6398a7f1f7cadf5fa4ce4bd1e5f5a') in 0.022816 seconds 
========================================================================
Received Import Request.
  Time since last request: 25.585178 seconds.
  path: Assets/Prefabs/Blue Block.prefab
  artifactKey: Guid(15d399c469b2103498fb033dded1923c) Importer(815301076,1909f56bfc062723c751e8b465ee728b)
Start importing Assets/Prefabs/Blue Block.prefab using Guid(15d399c469b2103498fb033dded1923c) Importer(815301076,1909f56bfc062723c751e8b465ee728b)  -> (artifact id: '3641dfa85cd824af527cc1500862d69d') in 0.020214 seconds 
========================================================================
Received Import Request.
  Time since last request: 406.471009 seconds.
  path: Assets/Prefabs/Yellow Block.prefab
  artifactKey: Guid(8c37c7ce4a3dcb24b9d5dfd789ab3351) Importer(815301076,1909f56bfc062723c751e8b465ee728b)
Start importing Assets/Prefabs/Yellow Block.prefab using Guid(8c37c7ce4a3dcb24b9d5dfd789ab3351) Importer(815301076,1909f56bfc062723c751e8b465ee728b)  -> (artifact id: '932b52a736b103b5af0f896dfee4b001') in 0.038145 seconds 
========================================================================
Received Import Request.
  Time since last request: 4.389019 seconds.
  path: Assets/Prefabs/Yellow Block.prefab
  artifactKey: Guid(8c37c7ce4a3dcb24b9d5dfd789ab3351) Importer(815301076,1909f56bfc062723c751e8b465ee728b)
Start importing Assets/Prefabs/Yellow Block.prefab using Guid(8c37c7ce4a3dcb24b9d5dfd789ab3351) Importer(815301076,1909f56bfc062723c751e8b465ee728b)  -> (artifact id: '48287dc1b7c5a09fe1da1c8ac6388e34') in 0.019121 seconds 
========================================================================
Received Import Request.
  Time since last request: 1.789381 seconds.
  path: Assets/Prefabs/Yellow Block.prefab
  artifactKey: Guid(8c37c7ce4a3dcb24b9d5dfd789ab3351) Importer(815301076,1909f56bfc062723c751e8b465ee728b)
Start importing Assets/Prefabs/Yellow Block.prefab using Guid(8c37c7ce4a3dcb24b9d5dfd789ab3351) Importer(815301076,1909f56bfc062723c751e8b465ee728b)  -> (artifact id: 'a5702306665dcd3a51519f4e108752d7') in 0.017674 seconds 
========================================================================
Received Import Request.
  Time since last request: 3.616139 seconds.
  path: Assets/Prefabs/Yellow Block.prefab
  artifactKey: Guid(8c37c7ce4a3dcb24b9d5dfd789ab3351) Importer(815301076,1909f56bfc062723c751e8b465ee728b)
Start importing Assets/Prefabs/Yellow Block.prefab using Guid(8c37c7ce4a3dcb24b9d5dfd789ab3351) Importer(815301076,1909f56bfc062723c751e8b465ee728b)  -> (artifact id: 'aefabfd2f2f89978612dfa61b61cd4f8') in 0.014702 seconds 
========================================================================
Received Import Request.
  Time since last request: 1.194062 seconds.
  path: Assets/Prefabs/Yellow Block.prefab
  artifactKey: Guid(8c37c7ce4a3dcb24b9d5dfd789ab3351) Importer(815301076,1909f56bfc062723c751e8b465ee728b)
Start importing Assets/Prefabs/Yellow Block.prefab using Guid(8c37c7ce4a3dcb24b9d5dfd789ab3351) Importer(815301076,1909f56bfc062723c751e8b465ee728b)  -> (artifact id: '26b17676708bbc44e5f23b9d92087110') in 0.014732 seconds 
========================================================================
Received Import Request.
  Time since last request: 2.406979 seconds.
  path: Assets/Prefabs/Yellow Block.prefab
  artifactKey: Guid(8c37c7ce4a3dcb24b9d5dfd789ab3351) Importer(815301076,1909f56bfc062723c751e8b465ee728b)
Start importing Assets/Prefabs/Yellow Block.prefab using Guid(8c37c7ce4a3dcb24b9d5dfd789ab3351) Importer(815301076,1909f56bfc062723c751e8b465ee728b)  -> (artifact id: '7c6bc2b5c5bb24c066f0137283c2d5b5') in 0.019734 seconds 
========================================================================
Received Import Request.
  Time since last request: 6.828461 seconds.
  path: Assets/Prefabs/Yellow Block.prefab
  artifactKey: Guid(8c37c7ce4a3dcb24b9d5dfd789ab3351) Importer(815301076,1909f56bfc062723c751e8b465ee728b)
Start importing Assets/Prefabs/Yellow Block.prefab using Guid(8c37c7ce4a3dcb24b9d5dfd789ab3351) Importer(815301076,1909f56bfc062723c751e8b465ee728b)  -> (artifact id: '59d74a3bdd9fc3a96ab83bad3856f1ed') in 0.016861 seconds 
========================================================================
Received Import Request.
  Time since last request: 6.442759 seconds.
  path: Assets/Prefabs/Yellow Block.prefab
  artifactKey: Guid(8c37c7ce4a3dcb24b9d5dfd789ab3351) Importer(815301076,1909f56bfc062723c751e8b465ee728b)
Start importing Assets/Prefabs/Yellow Block.prefab using Guid(8c37c7ce4a3dcb24b9d5dfd789ab3351) Importer(815301076,1909f56bfc062723c751e8b465ee728b)  -> (artifact id: '941b80e111c2c8d5775f77cf90e5fb4e') in 0.013895 seconds 
========================================================================
Received Import Request.
  Time since last request: 2.507760 seconds.
  path: Assets/Prefabs/Yellow Block.prefab
  artifactKey: Guid(8c37c7ce4a3dcb24b9d5dfd789ab3351) Importer(815301076,1909f56bfc062723c751e8b465ee728b)
Start importing Assets/Prefabs/Yellow Block.prefab using Guid(8c37c7ce4a3dcb24b9d5dfd789ab3351) Importer(815301076,1909f56bfc062723c751e8b465ee728b)  -> (artifact id: 'aee43a7253e8d919f88987511efb920d') in 0.016617 seconds 
========================================================================
Received Import Request.
  Time since last request: 1.748810 seconds.
  path: Assets/Prefabs/Yellow Block.prefab
  artifactKey: Guid(8c37c7ce4a3dcb24b9d5dfd789ab3351) Importer(815301076,1909f56bfc062723c751e8b465ee728b)
Start importing Assets/Prefabs/Yellow Block.prefab using Guid(8c37c7ce4a3dcb24b9d5dfd789ab3351) Importer(815301076,1909f56bfc062723c751e8b465ee728b)  -> (artifact id: 'f679b69ed507f40b2299e240805ddb98') in 0.018881 seconds 
========================================================================
Received Import Request.
  Time since last request: 1.431212 seconds.
  path: Assets/Prefabs/Yellow Block.prefab
  artifactKey: Guid(8c37c7ce4a3dcb24b9d5dfd789ab3351) Importer(815301076,1909f56bfc062723c751e8b465ee728b)
Start importing Assets/Prefabs/Yellow Block.prefab using Guid(8c37c7ce4a3dcb24b9d5dfd789ab3351) Importer(815301076,1909f56bfc062723c751e8b465ee728b)  -> (artifact id: '38d9aa9960a89818ae8de1a720603329') in 0.017006 seconds 
========================================================================
Received Import Request.
  Time since last request: 27.597412 seconds.
  path: Assets/Prefabs/Blue Block.prefab
  artifactKey: Guid(15d399c469b2103498fb033dded1923c) Importer(815301076,1909f56bfc062723c751e8b465ee728b)
Start importing Assets/Prefabs/Blue Block.prefab using Guid(15d399c469b2103498fb033dded1923c) Importer(815301076,1909f56bfc062723c751e8b465ee728b)  -> (artifact id: 'd13b9eb9abaaed978dd6bd21adeb7f1d') in 0.019189 seconds 
========================================================================
Received Import Request.
  Time since last request: 21.089139 seconds.
  path: Assets/Prefabs/Yellow Block.prefab
  artifactKey: Guid(8c37c7ce4a3dcb24b9d5dfd789ab3351) Importer(815301076,1909f56bfc062723c751e8b465ee728b)
Start importing Assets/Prefabs/Yellow Block.prefab using Guid(8c37c7ce4a3dcb24b9d5dfd789ab3351) Importer(815301076,1909f56bfc062723c751e8b465ee728b)  -> (artifact id: '901e5a199e82bed43d9db2a521db9fd2') in 0.015799 seconds 
========================================================================
Received Import Request.
  Time since last request: 5.395911 seconds.
  path: Assets/Prefabs/Yellow Block.prefab
  artifactKey: Guid(8c37c7ce4a3dcb24b9d5dfd789ab3351) Importer(815301076,1909f56bfc062723c751e8b465ee728b)
Start importing Assets/Prefabs/Yellow Block.prefab using Guid(8c37c7ce4a3dcb24b9d5dfd789ab3351) Importer(815301076,1909f56bfc062723c751e8b465ee728b)  -> (artifact id: '2bc087d476843ef86f84dc6eaf9e0751') in 0.015724 seconds 
========================================================================
Received Import Request.
  Time since last request: 4.615166 seconds.
  path: Assets/Prefabs/Yellow Block.prefab
  artifactKey: Guid(8c37c7ce4a3dcb24b9d5dfd789ab3351) Importer(815301076,1909f56bfc062723c751e8b465ee728b)
Start importing Assets/Prefabs/Yellow Block.prefab using Guid(8c37c7ce4a3dcb24b9d5dfd789ab3351) Importer(815301076,1909f56bfc062723c751e8b465ee728b)  -> (artifact id: '302deb2b549c77a5b79b4f8a3cf63626') in 0.016071 seconds 
========================================================================
Received Import Request.
  Time since last request: 3.008891 seconds.
  path: Assets/Prefabs/Yellow Block.prefab
  artifactKey: Guid(8c37c7ce4a3dcb24b9d5dfd789ab3351) Importer(815301076,1909f56bfc062723c751e8b465ee728b)
Start importing Assets/Prefabs/Yellow Block.prefab using Guid(8c37c7ce4a3dcb24b9d5dfd789ab3351) Importer(815301076,1909f56bfc062723c751e8b465ee728b)  -> (artifact id: '4141f8cb39fc57f890f74e4af578980b') in 0.015564 seconds 
========================================================================
Received Import Request.
  Time since last request: 5.218812 seconds.
  path: Assets/Prefabs/Yellow Block.prefab
  artifactKey: Guid(8c37c7ce4a3dcb24b9d5dfd789ab3351) Importer(815301076,1909f56bfc062723c751e8b465ee728b)
Start importing Assets/Prefabs/Yellow Block.prefab using Guid(8c37c7ce4a3dcb24b9d5dfd789ab3351) Importer(815301076,1909f56bfc062723c751e8b465ee728b)  -> (artifact id: 'a2eba93d8a46692a56940a5f3905688e') in 0.016836 seconds 
========================================================================
Received Import Request.
  Time since last request: 10.295275 seconds.
  path: Assets/Prefabs/Yellow Block.prefab
  artifactKey: Guid(8c37c7ce4a3dcb24b9d5dfd789ab3351) Importer(815301076,1909f56bfc062723c751e8b465ee728b)
Start importing Assets/Prefabs/Yellow Block.prefab using Guid(8c37c7ce4a3dcb24b9d5dfd789ab3351) Importer(815301076,1909f56bfc062723c751e8b465ee728b)  -> (artifact id: '71635015799f1761510305b0c3b13db6') in 0.015950 seconds 
========================================================================
Received Import Request.
  Time since last request: 7.456322 seconds.
  path: Assets/Prefabs/Yellow Block.prefab
  artifactKey: Guid(8c37c7ce4a3dcb24b9d5dfd789ab3351) Importer(815301076,1909f56bfc062723c751e8b465ee728b)
Start importing Assets/Prefabs/Yellow Block.prefab using Guid(8c37c7ce4a3dcb24b9d5dfd789ab3351) Importer(815301076,1909f56bfc062723c751e8b465ee728b)  -> (artifact id: 'e76e62a979762291d706d3330a024ce1') in 0.017548 seconds 
========================================================================
Received Import Request.
  Time since last request: 4.607527 seconds.
  path: Assets/Prefabs/Yellow Block.prefab
  artifactKey: Guid(8c37c7ce4a3dcb24b9d5dfd789ab3351) Importer(815301076,1909f56bfc062723c751e8b465ee728b)
Start importing Assets/Prefabs/Yellow Block.prefab using Guid(8c37c7ce4a3dcb24b9d5dfd789ab3351) Importer(815301076,1909f56bfc062723c751e8b465ee728b)  -> (artifact id: 'd0b7b29222d0245e33f59b81fa32d8dc') in 0.019799 seconds 
========================================================================
Received Import Request.
  Time since last request: 4.523240 seconds.
  path: Assets/Prefabs/Yellow Block.prefab
  artifactKey: Guid(8c37c7ce4a3dcb24b9d5dfd789ab3351) Importer(815301076,1909f56bfc062723c751e8b465ee728b)
Start importing Assets/Prefabs/Yellow Block.prefab using Guid(8c37c7ce4a3dcb24b9d5dfd789ab3351) Importer(815301076,1909f56bfc062723c751e8b465ee728b)  -> (artifact id: 'da16e497c4f13d9a4d40e8fe41bbc186') in 0.021882 seconds 
========================================================================
Received Import Request.
  Time since last request: 3.873925 seconds.
  path: Assets/Prefabs/Yellow Block.prefab
  artifactKey: Guid(8c37c7ce4a3dcb24b9d5dfd789ab3351) Importer(815301076,1909f56bfc062723c751e8b465ee728b)
Start importing Assets/Prefabs/Yellow Block.prefab using Guid(8c37c7ce4a3dcb24b9d5dfd789ab3351) Importer(815301076,1909f56bfc062723c751e8b465ee728b)  -> (artifact id: '9c073dcf7b4773d74c8d04a47d3fd0a2') in 0.018395 seconds 
========================================================================
Received Import Request.
  Time since last request: 22.052750 seconds.
  path: Assets/Prefabs/Yellow Block.prefab
  artifactKey: Guid(8c37c7ce4a3dcb24b9d5dfd789ab3351) Importer(815301076,1909f56bfc062723c751e8b465ee728b)
Start importing Assets/Prefabs/Yellow Block.prefab using Guid(8c37c7ce4a3dcb24b9d5dfd789ab3351) Importer(815301076,1909f56bfc062723c751e8b465ee728b)  -> (artifact id: '586bd0e008629fe4c3285f57ad8514e7') in 0.020709 seconds 
========================================================================
Received Import Request.
  Time since last request: 5.233789 seconds.
  path: Assets/Prefabs/Yellow Block.prefab
  artifactKey: Guid(8c37c7ce4a3dcb24b9d5dfd789ab3351) Importer(815301076,1909f56bfc062723c751e8b465ee728b)
Start importing Assets/Prefabs/Yellow Block.prefab using Guid(8c37c7ce4a3dcb24b9d5dfd789ab3351) Importer(815301076,1909f56bfc062723c751e8b465ee728b)  -> (artifact id: 'f2e3e879c5bb64e630bc7381d7d5cce7') in 0.016009 seconds 
========================================================================
Received Import Request.
  Time since last request: 3.609076 seconds.
  path: Assets/Prefabs/Yellow Block.prefab
  artifactKey: Guid(8c37c7ce4a3dcb24b9d5dfd789ab3351) Importer(815301076,1909f56bfc062723c751e8b465ee728b)
Start importing Assets/Prefabs/Yellow Block.prefab using Guid(8c37c7ce4a3dcb24b9d5dfd789ab3351) Importer(815301076,1909f56bfc062723c751e8b465ee728b)  -> (artifact id: '71b4abf927e8657bd0454391b9e3f03c') in 0.020244 seconds 
========================================================================
Received Import Request.
  Time since last request: 3.613729 seconds.
  path: Assets/Prefabs/Yellow Block.prefab
  artifactKey: Guid(8c37c7ce4a3dcb24b9d5dfd789ab3351) Importer(815301076,1909f56bfc062723c751e8b465ee728b)
Start importing Assets/Prefabs/Yellow Block.prefab using Guid(8c37c7ce4a3dcb24b9d5dfd789ab3351) Importer(815301076,1909f56bfc062723c751e8b465ee728b)  -> (artifact id: 'b54e4f12a45fd019f9ebf973419982ed') in 0.015784 seconds 
========================================================================
Received Prepare
Registering precompiled user dll's ...
Registered in 0.007717 seconds.
Begin MonoManager ReloadAssembly
Symbol file LoadedFromMemory doesn't match image E:\Programs\Programming\Projects\Unity\ArcanoidFull\UnityArcanoid2D\Library\PackageCache\com.unity.visualscripting@1.7.8\Editor\VisualScripting.Core\Dependencies\YamlDotNet\Unity.VisualScripting.YamlDotNet.dll
Symbol file LoadedFromMemory doesn't match image E:\Programs\Programming\Projects\Unity\ArcanoidFull\UnityArcanoid2D\Library\PackageCache\com.unity.visualscripting@1.7.8\Editor\VisualScripting.Core\Dependencies\DotNetZip\Unity.VisualScripting.IonicZip.dll
Native extension for UWP target not found
Native extension for WindowsStandalone target not found
Refreshing native plugins compatible for Editor in 1.23 ms, found 4 plugins.
Preloading 0 native plugins for Editor in 0.00 ms.
Mono: successfully reloaded assembly
- Completed reload, in  2.182 seconds
Domain Reload Profiling:
	ReloadAssembly (2184ms)
		BeginReloadAssembly (237ms)
			ExecutionOrderSort (0ms)
			DisableScriptedObjects (13ms)
			BackupInstance (0ms)
			ReleaseScriptingObjects (0ms)
			CreateAndSetChildDomain (78ms)
		EndReloadAssembly (1678ms)
			LoadAssemblies (163ms)
			RebuildTransferFunctionScriptingTraits (0ms)
			SetupTypeCache (567ms)
			ReleaseScriptCaches (3ms)
			RebuildScriptCaches (89ms)
			SetupLoadedEditorAssemblies (756ms)
				LogAssemblyErrors (0ms)
				InitializePlatformSupportModulesInManaged (24ms)
				SetLoadedEditorAssemblies (1ms)
				RefreshPlugins (1ms)
				BeforeProcessingInitializeOnLoad (227ms)
				ProcessInitializeOnLoadAttributes (412ms)
				ProcessInitializeOnLoadMethodAttributes (84ms)
				AfterProcessingInitializeOnLoad (7ms)
				EditorAssembliesLoaded (0ms)
			ExecutionOrderSort2 (0ms)
			AwakeInstancesAfterBackupRestoration (19ms)
Platform modules already initialized, skipping
Refreshing native plugins compatible for Editor in 4.53 ms, found 4 plugins.
Preloading 0 native plugins for Editor in 0.00 ms.
Unloading 4067 Unused Serialized files (Serialized files now loaded: 0)
Unloading 31 unused Assets / (195.7 KB). Loaded Objects now: 4539.
Memory consumption went from 156.2 MB to 156.0 MB.
Total: 5.708900 ms (FindLiveObjects: 0.446200 ms CreateObjectMapping: 0.276300 ms MarkObjects: 4.785700 ms  DeleteObjects: 0.199100 ms)

AssetImportParameters requested are different than current active one (requested -> active):
  custom:video-decoder-ogg-theora: a1e56fd34408186e4bbccfd4996cb3dc -> 
  custom:container-muxer-webm: aa71ff27fc2769a1b78a27578f13a17b -> 
  custom:container-demuxer-webm: 4f35f7cbe854078d1ac9338744f61a02 -> 
  custom:video-encoder-webm-vp8: eb34c28f22e8b96e1ab97ce403110664 -> 
  custom:video-codec-MediaFoundation-h265: 746d11721c4dcdbdad8f713fa42b33f4 -> 
  custom:audio-encoder-webm-vorbis: bf7c407c2cedff20999df2af8eb42d56 -> 
  custom:framework-win-MediaFoundation: 216162199b28c13a410421893ffa2e32 -> 
  custom:container-demuxer-ogg: 62fdf1f143b41e24485cea50d1cbac27 -> 
  custom:video-decoder-webm-vp8: 9c59270c3fd7afecdb556c50c9e8de78 -> 
  custom:audio-decoder-ogg-vorbis: bf7c407c2cedff20999df2af8eb42d56 -> 
========================================================================
Received Prepare
Registering precompiled user dll's ...
Registered in 0.008137 seconds.
Begin MonoManager ReloadAssembly
Symbol file LoadedFromMemory doesn't match image E:\Programs\Programming\Projects\Unity\ArcanoidFull\UnityArcanoid2D\Library\PackageCache\com.unity.visualscripting@1.7.8\Editor\VisualScripting.Core\Dependencies\YamlDotNet\Unity.VisualScripting.YamlDotNet.dll
Symbol file LoadedFromMemory doesn't match image E:\Programs\Programming\Projects\Unity\ArcanoidFull\UnityArcanoid2D\Library\PackageCache\com.unity.visualscripting@1.7.8\Editor\VisualScripting.Core\Dependencies\DotNetZip\Unity.VisualScripting.IonicZip.dll
Native extension for UWP target not found
Native extension for WindowsStandalone target not found
Refreshing native plugins compatible for Editor in 1.09 ms, found 4 plugins.
Preloading 0 native plugins for Editor in 0.00 ms.
Mono: successfully reloaded assembly
- Completed reload, in  1.744 seconds
Domain Reload Profiling:
	ReloadAssembly (1745ms)
		BeginReloadAssembly (157ms)
			ExecutionOrderSort (0ms)
			DisableScriptedObjects (10ms)
			BackupInstance (0ms)
			ReleaseScriptingObjects (0ms)
			CreateAndSetChildDomain (45ms)
		EndReloadAssembly (1437ms)
			LoadAssemblies (130ms)
			RebuildTransferFunctionScriptingTraits (0ms)
			SetupTypeCache (452ms)
			ReleaseScriptCaches (2ms)
			RebuildScriptCaches (87ms)
			SetupLoadedEditorAssemblies (649ms)
				LogAssemblyErrors (0ms)
				InitializePlatformSupportModulesInManaged (25ms)
				SetLoadedEditorAssemblies (1ms)
				RefreshPlugins (2ms)
				BeforeProcessingInitializeOnLoad (133ms)
				ProcessInitializeOnLoadAttributes (405ms)
				ProcessInitializeOnLoadMethodAttributes (77ms)
				AfterProcessingInitializeOnLoad (6ms)
				EditorAssembliesLoaded (0ms)
			ExecutionOrderSort2 (0ms)
			AwakeInstancesAfterBackupRestoration (17ms)
Platform modules already initialized, skipping
Refreshing native plugins compatible for Editor in 2.47 ms, found 4 plugins.
Preloading 0 native plugins for Editor in 0.00 ms.
Unloading 4067 Unused Serialized files (Serialized files now loaded: 0)
Unloading 31 unused Assets / (195.4 KB). Loaded Objects now: 4542.
Memory consumption went from 156.2 MB to 156.0 MB.
Total: 5.699400 ms (FindLiveObjects: 0.342200 ms CreateObjectMapping: 0.333700 ms MarkObjects: 4.839000 ms  DeleteObjects: 0.182900 ms)

AssetImportParameters requested are different than current active one (requested -> active):
  custom:video-decoder-ogg-theora: a1e56fd34408186e4bbccfd4996cb3dc -> 
  custom:container-muxer-webm: aa71ff27fc2769a1b78a27578f13a17b -> 
  custom:container-demuxer-webm: 4f35f7cbe854078d1ac9338744f61a02 -> 
  custom:video-encoder-webm-vp8: eb34c28f22e8b96e1ab97ce403110664 -> 
  custom:video-codec-MediaFoundation-h265: 746d11721c4dcdbdad8f713fa42b33f4 -> 
  custom:audio-encoder-webm-vorbis: bf7c407c2cedff20999df2af8eb42d56 -> 
  custom:framework-win-MediaFoundation: 216162199b28c13a410421893ffa2e32 -> 
  custom:container-demuxer-ogg: 62fdf1f143b41e24485cea50d1cbac27 -> 
  custom:video-decoder-webm-vp8: 9c59270c3fd7afecdb556c50c9e8de78 -> 
  custom:audio-decoder-ogg-vorbis: bf7c407c2cedff20999df2af8eb42d56 -> 
========================================================================
Received Prepare
Registering precompiled user dll's ...
Registered in 0.007478 seconds.
Begin MonoManager ReloadAssembly
Symbol file LoadedFromMemory doesn't match image E:\Programs\Programming\Projects\Unity\ArcanoidFull\UnityArcanoid2D\Library\PackageCache\com.unity.visualscripting@1.7.8\Editor\VisualScripting.Core\Dependencies\YamlDotNet\Unity.VisualScripting.YamlDotNet.dll
Symbol file LoadedFromMemory doesn't match image E:\Programs\Programming\Projects\Unity\ArcanoidFull\UnityArcanoid2D\Library\PackageCache\com.unity.visualscripting@1.7.8\Editor\VisualScripting.Core\Dependencies\DotNetZip\Unity.VisualScripting.IonicZip.dll
Native extension for UWP target not found
Native extension for WindowsStandalone target not found
Refreshing native plugins compatible for Editor in 1.35 ms, found 4 plugins.
Preloading 0 native plugins for Editor in 0.00 ms.
Mono: successfully reloaded assembly
- Completed reload, in  1.761 seconds
Domain Reload Profiling:
	ReloadAssembly (1762ms)
		BeginReloadAssembly (158ms)
			ExecutionOrderSort (0ms)
			DisableScriptedObjects (12ms)
			BackupInstance (0ms)
			ReleaseScriptingObjects (0ms)
			CreateAndSetChildDomain (45ms)
		EndReloadAssembly (1458ms)
			LoadAssemblies (129ms)
			RebuildTransferFunctionScriptingTraits (0ms)
			SetupTypeCache (467ms)
			ReleaseScriptCaches (3ms)
			RebuildScriptCaches (87ms)
			SetupLoadedEditorAssemblies (634ms)
				LogAssemblyErrors (0ms)
				InitializePlatformSupportModulesInManaged (24ms)
				SetLoadedEditorAssemblies (1ms)
				RefreshPlugins (1ms)
				BeforeProcessingInitializeOnLoad (128ms)
				ProcessInitializeOnLoadAttributes (396ms)
				ProcessInitializeOnLoadMethodAttributes (76ms)
				AfterProcessingInitializeOnLoad (7ms)
				EditorAssembliesLoaded (0ms)
			ExecutionOrderSort2 (0ms)
			AwakeInstancesAfterBackupRestoration (18ms)
Platform modules already initialized, skipping
Refreshing native plugins compatible for Editor in 4.08 ms, found 4 plugins.
Preloading 0 native plugins for Editor in 0.00 ms.
Unloading 4067 Unused Serialized files (Serialized files now loaded: 0)
Unloading 31 unused Assets / (195.4 KB). Loaded Objects now: 4545.
Memory consumption went from 156.2 MB to 156.0 MB.
Total: 4.818800 ms (FindLiveObjects: 0.376100 ms CreateObjectMapping: 0.439000 ms MarkObjects: 3.815500 ms  DeleteObjects: 0.187000 ms)

AssetImportParameters requested are different than current active one (requested -> active):
  custom:video-decoder-ogg-theora: a1e56fd34408186e4bbccfd4996cb3dc -> 
  custom:container-muxer-webm: aa71ff27fc2769a1b78a27578f13a17b -> 
  custom:container-demuxer-webm: 4f35f7cbe854078d1ac9338744f61a02 -> 
  custom:video-encoder-webm-vp8: eb34c28f22e8b96e1ab97ce403110664 -> 
  custom:video-codec-MediaFoundation-h265: 746d11721c4dcdbdad8f713fa42b33f4 -> 
  custom:audio-encoder-webm-vorbis: bf7c407c2cedff20999df2af8eb42d56 -> 
  custom:framework-win-MediaFoundation: 216162199b28c13a410421893ffa2e32 -> 
  custom:container-demuxer-ogg: 62fdf1f143b41e24485cea50d1cbac27 -> 
  custom:video-decoder-webm-vp8: 9c59270c3fd7afecdb556c50c9e8de78 -> 
  custom:audio-decoder-ogg-vorbis: bf7c407c2cedff20999df2af8eb42d56 -> 
========================================================================
Received Prepare
Registering precompiled user dll's ...
Registered in 0.007357 seconds.
Begin MonoManager ReloadAssembly
Symbol file LoadedFromMemory doesn't match image E:\Programs\Programming\Projects\Unity\ArcanoidFull\UnityArcanoid2D\Library\PackageCache\com.unity.visualscripting@1.7.8\Editor\VisualScripting.Core\Dependencies\YamlDotNet\Unity.VisualScripting.YamlDotNet.dll
Symbol file LoadedFromMemory doesn't match image E:\Programs\Programming\Projects\Unity\ArcanoidFull\UnityArcanoid2D\Library\PackageCache\com.unity.visualscripting@1.7.8\Editor\VisualScripting.Core\Dependencies\DotNetZip\Unity.VisualScripting.IonicZip.dll
Native extension for UWP target not found
Native extension for WindowsStandalone target not found
Refreshing native plugins compatible for Editor in 1.05 ms, found 4 plugins.
Preloading 0 native plugins for Editor in 0.00 ms.
Mono: successfully reloaded assembly
- Completed reload, in  1.779 seconds
Domain Reload Profiling:
	ReloadAssembly (1780ms)
		BeginReloadAssembly (166ms)
			ExecutionOrderSort (0ms)
			DisableScriptedObjects (9ms)
			BackupInstance (0ms)
			ReleaseScriptingObjects (0ms)
			CreateAndSetChildDomain (46ms)
		EndReloadAssembly (1436ms)
			LoadAssemblies (137ms)
			RebuildTransferFunctionScriptingTraits (0ms)
			SetupTypeCache (440ms)
			ReleaseScriptCaches (3ms)
			RebuildScriptCaches (84ms)
			SetupLoadedEditorAssemblies (655ms)
				LogAssemblyErrors (0ms)
				InitializePlatformSupportModulesInManaged (25ms)
				SetLoadedEditorAssemblies (1ms)
				RefreshPlugins (1ms)
				BeforeProcessingInitializeOnLoad (130ms)
				ProcessInitializeOnLoadAttributes (410ms)
				ProcessInitializeOnLoadMethodAttributes (82ms)
				AfterProcessingInitializeOnLoad (6ms)
				EditorAssembliesLoaded (0ms)
			ExecutionOrderSort2 (0ms)
			AwakeInstancesAfterBackupRestoration (18ms)
Platform modules already initialized, skipping
Refreshing native plugins compatible for Editor in 2.45 ms, found 4 plugins.
Preloading 0 native plugins for Editor in 0.00 ms.
Unloading 4067 Unused Serialized files (Serialized files now loaded: 0)
Unloading 31 unused Assets / (195.6 KB). Loaded Objects now: 4548.
Memory consumption went from 156.2 MB to 156.0 MB.
Total: 3.838800 ms (FindLiveObjects: 0.347200 ms CreateObjectMapping: 0.259100 ms MarkObjects: 3.033300 ms  DeleteObjects: 0.197100 ms)

AssetImportParameters requested are different than current active one (requested -> active):
  custom:video-decoder-ogg-theora: a1e56fd34408186e4bbccfd4996cb3dc -> 
  custom:container-muxer-webm: aa71ff27fc2769a1b78a27578f13a17b -> 
  custom:container-demuxer-webm: 4f35f7cbe854078d1ac9338744f61a02 -> 
  custom:video-encoder-webm-vp8: eb34c28f22e8b96e1ab97ce403110664 -> 
  custom:video-codec-MediaFoundation-h265: 746d11721c4dcdbdad8f713fa42b33f4 -> 
  custom:audio-encoder-webm-vorbis: bf7c407c2cedff20999df2af8eb42d56 -> 
  custom:framework-win-MediaFoundation: 216162199b28c13a410421893ffa2e32 -> 
  custom:container-demuxer-ogg: 62fdf1f143b41e24485cea50d1cbac27 -> 
  custom:video-decoder-webm-vp8: 9c59270c3fd7afecdb556c50c9e8de78 -> 
  custom:audio-decoder-ogg-vorbis: bf7c407c2cedff20999df2af8eb42d56 -> 
